<?xml version="1.0" encoding="UTF-8"?>
<testng-results ignored="0" total="2" passed="2" failed="0" skipped="0">
  <reporter-output>
  </reporter-output>
  <suite started-at="2022-01-22T05:41:59 EET" name="Suite" finished-at="2022-01-22T05:42:57 EET" duration-ms="58063">
    <groups>
    </groups>
    <test started-at="2022-01-22T05:41:59 EET" name="TestChrome" finished-at="2022-01-22T05:42:57 EET" duration-ms="58063">
      <class name="main.Start">
        <test-method is-config="true" signature="prepareClassProperties(java.lang.String)[pri:0, instance:main.Start@a2431d0]" started-at="2022-01-22T05:41:59 EET" name="prepareClassProperties" finished-at="2022-01-22T05:42:03 EET" duration-ms="3593" status="PASS">
          <params>
            <param index="0">
              <value>
                <![CDATA[Chrome]]>
              </value>
            </param>
          </params>
          <reporter-output>
          </reporter-output>
        </test-method> <!-- prepareClassProperties -->
        <test-method signature="startApplication()[pri:1, instance:main.Start@a2431d0]" started-at="2022-01-22T05:42:03 EET" name="startApplication" finished-at="2022-01-22T05:42:23 EET" duration-ms="19857" status="PASS">
          <reporter-output>
          </reporter-output>
        </test-method> <!-- startApplication -->
        <test-method signature="login()[pri:2, instance:main.Start@a2431d0]" started-at="2022-01-22T05:42:23 EET" name="login" finished-at="2022-01-22T05:42:56 EET" duration-ms="33081" status="PASS">
          <reporter-output>
          </reporter-output>
        </test-method> <!-- login -->
        <test-method is-config="true" signature="closeApplication()[pri:0, instance:main.Start@a2431d0]" started-at="2022-01-22T05:42:56 EET" name="closeApplication" finished-at="2022-01-22T05:42:57 EET" duration-ms="1474" status="PASS">
          <reporter-output>
          </reporter-output>
        </test-method> <!-- closeApplication -->
      </class> <!-- main.Start -->
    </test> <!-- TestChrome -->
  </suite> <!-- Suite -->
</testng-results>
